
helloworld.elf:     file format elf32-littleriscv
helloworld.elf
architecture: riscv:rv32, flags 0x00000112:
EXEC_P, HAS_SYMS, D_PAGED
start address 0x00100000

Program Header:
    LOAD off    0x00001000 vaddr 0x00100000 paddr 0x00100000 align 2**12
         filesz 0x0000018d memsz 0x000001f1 flags rwx

Sections:
Idx Name          Size      VMA       LMA       File off  Algn
  0 .text         00000180  00100000  00100000  00001000  2**2
                  CONTENTS, ALLOC, LOAD, READONLY, CODE
  1 .rodata       0000000d  00100180  00100180  00001180  2**2
                  CONTENTS, ALLOC, LOAD, READONLY, DATA
  2 .stack        00000064  0010018d  0010018d  0000118d  2**0
                  ALLOC
  3 .comment      00000030  00000000  00000000  0000118d  2**0
                  CONTENTS, READONLY
  4 .riscv.attributes 0000001c  00000000  00000000  000011bd  2**0
                  CONTENTS, READONLY
SYMBOL TABLE:
00100000 l    d  .text	00000000 .text
00100180 l    d  .rodata	00000000 .rodata
0010018d l    d  .stack	00000000 .stack
00000000 l    d  .comment	00000000 .comment
00000000 l    d  .riscv.attributes	00000000 .riscv.attributes
00000000 l    df *ABS*	00000000 startup.o
00100000 l       .text	00000000 vectors
00000000 l    df *ABS*	00000000 main.c
00100094 l     F .text	00000030 putc
001000c4 l     F .text	00000058 puts
0010011c l     F .text	0000002c stopsim
00100080 g     F .text	00000000 entry
00100148 g     F .text	00000038 main
001001f1 g       .stack	00000000 _stack_start



Disassembly of section .text:

00100000 <vectors>:
  100000:	0000006f          	j	100000 <vectors>
  100004:	0000006f          	j	100004 <vectors+0x4>
  100008:	0000006f          	j	100008 <vectors+0x8>
  10000c:	0000006f          	j	10000c <vectors+0xc>
  100010:	0000006f          	j	100010 <vectors+0x10>
  100014:	0000006f          	j	100014 <vectors+0x14>
  100018:	0000006f          	j	100018 <vectors+0x18>
  10001c:	0000006f          	j	10001c <vectors+0x1c>
  100020:	0000006f          	j	100020 <vectors+0x20>
  100024:	0000006f          	j	100024 <vectors+0x24>
  100028:	0000006f          	j	100028 <vectors+0x28>
  10002c:	0000006f          	j	10002c <vectors+0x2c>
  100030:	0000006f          	j	100030 <vectors+0x30>
  100034:	0000006f          	j	100034 <vectors+0x34>
  100038:	0000006f          	j	100038 <vectors+0x38>
  10003c:	0000006f          	j	10003c <vectors+0x3c>
  100040:	0000006f          	j	100040 <vectors+0x40>
  100044:	0000006f          	j	100044 <vectors+0x44>
  100048:	0000006f          	j	100048 <vectors+0x48>
  10004c:	0000006f          	j	10004c <vectors+0x4c>
  100050:	0000006f          	j	100050 <vectors+0x50>
  100054:	0000006f          	j	100054 <vectors+0x54>
  100058:	0000006f          	j	100058 <vectors+0x58>
  10005c:	0000006f          	j	10005c <vectors+0x5c>
  100060:	0000006f          	j	100060 <vectors+0x60>
  100064:	0000006f          	j	100064 <vectors+0x64>
  100068:	0000006f          	j	100068 <vectors+0x68>
  10006c:	0000006f          	j	10006c <vectors+0x6c>
  100070:	0000006f          	j	100070 <vectors+0x70>
  100074:	0000006f          	j	100074 <vectors+0x74>
  100078:	0000006f          	j	100078 <vectors+0x78>
  10007c:	0000006f          	j	10007c <vectors+0x7c>

00100080 <entry>:
  100080:	00000297          	auipc	t0,0x0
  100084:	17128293          	addi	t0,t0,369 # 1001f1 <_stack_start>
  100088:	00028113          	mv	sp,t0
  10008c:	0bc000ef          	jal	ra,100148 <main>
  100090:	0000006f          	j	100090 <entry+0x10>

00100094 <putc>:
  100094:	fe010113          	addi	sp,sp,-32
  100098:	00812e23          	sw	s0,28(sp)
  10009c:	02010413          	addi	s0,sp,32
  1000a0:	00050793          	mv	a5,a0
  1000a4:	fef407a3          	sb	a5,-17(s0)
  1000a8:	000207b7          	lui	a5,0x20
  1000ac:	fef44703          	lbu	a4,-17(s0)
  1000b0:	00e7a023          	sw	a4,0(a5) # 20000 <vectors-0xe0000>
  1000b4:	00000013          	nop
  1000b8:	01c12403          	lw	s0,28(sp)
  1000bc:	02010113          	addi	sp,sp,32
  1000c0:	00008067          	ret

001000c4 <puts>:
  1000c4:	fe010113          	addi	sp,sp,-32
  1000c8:	00112e23          	sw	ra,28(sp)
  1000cc:	00812c23          	sw	s0,24(sp)
  1000d0:	02010413          	addi	s0,sp,32
  1000d4:	fea42623          	sw	a0,-20(s0)
  1000d8:	0200006f          	j	1000f8 <puts+0x34>
  1000dc:	fec42783          	lw	a5,-20(s0)
  1000e0:	0007c783          	lbu	a5,0(a5)
  1000e4:	00078513          	mv	a0,a5
  1000e8:	fadff0ef          	jal	ra,100094 <putc>
  1000ec:	fec42783          	lw	a5,-20(s0)
  1000f0:	00178793          	addi	a5,a5,1
  1000f4:	fef42623          	sw	a5,-20(s0)
  1000f8:	fec42783          	lw	a5,-20(s0)
  1000fc:	0007c783          	lbu	a5,0(a5)
  100100:	fc079ee3          	bnez	a5,1000dc <puts+0x18>
  100104:	00000013          	nop
  100108:	00000013          	nop
  10010c:	01c12083          	lw	ra,28(sp)
  100110:	01812403          	lw	s0,24(sp)
  100114:	02010113          	addi	sp,sp,32
  100118:	00008067          	ret

0010011c <stopsim>:
  10011c:	ff010113          	addi	sp,sp,-16
  100120:	00812623          	sw	s0,12(sp)
  100124:	01010413          	addi	s0,sp,16
  100128:	000207b7          	lui	a5,0x20
  10012c:	00878793          	addi	a5,a5,8 # 20008 <vectors-0xdfff8>
  100130:	00100713          	li	a4,1
  100134:	00e7a023          	sw	a4,0(a5)
  100138:	00000013          	nop
  10013c:	00c12403          	lw	s0,12(sp)
  100140:	01010113          	addi	sp,sp,16
  100144:	00008067          	ret

00100148 <main>:
  100148:	ff010113          	addi	sp,sp,-16
  10014c:	00112623          	sw	ra,12(sp)
  100150:	00812423          	sw	s0,8(sp)
  100154:	01010413          	addi	s0,sp,16
  100158:	001007b7          	lui	a5,0x100
  10015c:	18078513          	addi	a0,a5,384 # 100180 <main+0x38>
  100160:	f65ff0ef          	jal	ra,1000c4 <puts>
  100164:	fb9ff0ef          	jal	ra,10011c <stopsim>
  100168:	00000793          	li	a5,0
  10016c:	00078513          	mv	a0,a5
  100170:	00c12083          	lw	ra,12(sp)
  100174:	00812403          	lw	s0,8(sp)
  100178:	01010113          	addi	sp,sp,16
  10017c:	00008067          	ret

Disassembly of section .rodata:

00100180 <.rodata>:
  100180:	6548                	flw	fa0,12(a0)
  100182:	6c6c                	flw	fa1,92(s0)
  100184:	6f57206f          	j	173078 <_stack_start+0x72e87>
  100188:	6c72                	flw	fs8,28(sp)
  10018a:	0a64                	addi	s1,sp,284
	...

Disassembly of section .stack:

0010018d <_stack_start-0x64>:
	...

Disassembly of section .comment:

00000000 <.comment>:
   0:	3a434347          	fmsub.d	ft6,ft6,ft4,ft7,rmm
   4:	2820                	fld	fs0,80(s0)
   6:	69466953          	0x69466953
   a:	6576                	flw	fa0,92(sp)
   c:	4720                	lw	s0,72(a4)
   e:	4d2d4343          	fmadd.h	ft6,fs10,fs2,fs1,rmm
  12:	7465                	lui	s0,0xffff9
  14:	6c61                	lui	s8,0x18
  16:	3120                	fld	fs0,96(a0)
  18:	2e30                	fld	fa2,88(a2)
  1a:	2e32                	fld	ft8,264(sp)
  1c:	2d30                	fld	fa2,88(a0)
  1e:	3032                	fld	ft0,296(sp)
  20:	3032                	fld	ft0,296(sp)
  22:	312e                	fld	ft2,232(sp)
  24:	2e32                	fld	ft8,264(sp)
  26:	2938                	fld	fa4,80(a0)
  28:	3120                	fld	fs0,96(a0)
  2a:	2e30                	fld	fa2,88(a2)
  2c:	2e32                	fld	ft8,264(sp)
  2e:	0030                	addi	a2,sp,8

Disassembly of section .riscv.attributes:

00000000 <.riscv.attributes>:
   0:	1b41                	addi	s6,s6,-16
   2:	0000                	unimp
   4:	7200                	flw	fs0,32(a2)
   6:	7369                	lui	t1,0xffffa
   8:	01007663          	bgeu	zero,a6,14 <vectors-0xfffec>
   c:	0011                	c.nop	4
   e:	0000                	unimp
  10:	1004                	addi	s1,sp,32
  12:	7205                	lui	tp,0xfffe1
  14:	3376                	fld	ft6,376(sp)
  16:	6932                	flw	fs2,12(sp)
  18:	7032                	flw	ft0,44(sp)
  1a:	0030                	addi	a2,sp,8
